<?xml version="1.0" encoding="UTF-8"?>
<!-- Generated by org.testng.reporters.JUnitReportReporter -->
<testsuite hostname="LAPTOP-HVG4SML4" failures="6" tests="17" name="com.cab.runners.TestRunner" time="92.666" errors="0" timestamp="2025-08-04T09:56:29 IST" skipped="0">
  <testcase classname="com.cab.runners.TestRunner" name="runScenario" time="11.149"/>
  <testcase classname="com.cab.runners.TestRunner" name="runScenario" time="4.713"/>
  <testcase classname="com.cab.runners.TestRunner" name="runScenario" time="6.329">
    <failure type="java.lang.AssertionError">
      <![CDATA[java.lang.AssertionError
at org.junit.Assert.fail(Assert.java:87)
at org.junit.Assert.assertTrue(Assert.java:42)
at org.junit.Assert.assertTrue(Assert.java:53)
at com.cab.stepdefinitions.BookingStepsExcel.email_error_displayed(BookingStepsExcel.java:141)
at ✽.Error message "Please enter valid email" should be shown under Email field(file:///C:/Users/sriji/eclipse-workspace45/CallTaxiService/src/test/java/com/cab/features/booking.feature:35)
]]>
    </failure>
  </testcase> <!-- runScenario -->
  <testcase classname="com.cab.runners.TestRunner" name="runScenario" time="4.009"/>
  <testcase classname="com.cab.runners.TestRunner" name="runScenario" time="4.108"/>
  <testcase classname="com.cab.runners.TestRunner" name="runScenario" time="3.954"/>
  <testcase classname="com.cab.runners.TestRunner" name="runScenario" time="5.255"/>
  <testcase classname="com.cab.runners.TestRunner" name="runScenario" time="3.989"/>
  <testcase classname="com.cab.runners.TestRunner" name="runScenario" time="5.026">
    <failure type="java.lang.AssertionError">
      <![CDATA[java.lang.AssertionError
at org.junit.Assert.fail(Assert.java:87)
at org.junit.Assert.assertTrue(Assert.java:42)
at org.junit.Assert.assertTrue(Assert.java:53)
at com.cab.stepdefinitions.BookingStepsExcel.email_error_displayed(BookingStepsExcel.java:141)
at ✽.Error message "Please enter valid email" should be shown under Email field(file:///C:/Users/sriji/eclipse-workspace45/CallTaxiService/src/test/java/com/cab/features/booking.feature:35)
]]>
    </failure>
  </testcase> <!-- runScenario -->
  <testcase classname="com.cab.runners.TestRunner" name="runScenario" time="3.263"/>
  <testcase classname="com.cab.runners.TestRunner" name="runScenario" time="7.769"/>
  <testcase classname="com.cab.runners.TestRunner" name="runScenario" time="6.829">
    <failure type="java.lang.AssertionError">
      <![CDATA[java.lang.AssertionError
at org.junit.Assert.fail(Assert.java:87)
at org.junit.Assert.assertTrue(Assert.java:42)
at org.junit.Assert.assertTrue(Assert.java:53)
at com.cab.stepdefinitions.BookingStepsExcel.validate_name_error(BookingStepsExcel.java:117)
at ✽.Error message "Please enter valid name" should be shown under Name field(file:///C:/Users/sriji/eclipse-workspace45/CallTaxiService/src/test/java/com/cab/features/booking.feature:21)
]]>
    </failure>
  </testcase> <!-- runScenario -->
  <testcase classname="com.cab.runners.TestRunner" name="runScenario" time="6.756">
    <failure type="java.lang.AssertionError">
      <![CDATA[java.lang.AssertionError
at org.junit.Assert.fail(Assert.java:87)
at org.junit.Assert.assertTrue(Assert.java:42)
at org.junit.Assert.assertTrue(Assert.java:53)
at com.cab.stepdefinitions.BookingStepsExcel.validate_name_error(BookingStepsExcel.java:117)
at ✽.Error message "Please enter valid name" should be shown under Name field(file:///C:/Users/sriji/eclipse-workspace45/CallTaxiService/src/test/java/com/cab/features/booking.feature:21)
]]>
    </failure>
  </testcase> <!-- runScenario -->
  <testcase classname="com.cab.runners.TestRunner" name="runScenario" time="4.690"/>
  <testcase classname="com.cab.runners.TestRunner" name="runScenario" time="5.289">
    <failure type="java.lang.AssertionError">
      <![CDATA[java.lang.AssertionError
at org.junit.Assert.fail(Assert.java:87)
at org.junit.Assert.assertTrue(Assert.java:42)
at org.junit.Assert.assertTrue(Assert.java:53)
at com.cab.stepdefinitions.BookingStepsExcel.phone_error_displayed(BookingStepsExcel.java:148)
at ✽.Error message "Please enter valid phone number" should be shown under Phone field(file:///C:/Users/sriji/eclipse-workspace45/CallTaxiService/src/test/java/com/cab/features/booking.feature:49)
]]>
    </failure>
  </testcase> <!-- runScenario -->
  <testcase classname="com.cab.runners.TestRunner" name="runScenario" time="4.659">
    <failure type="java.lang.AssertionError">
      <![CDATA[java.lang.AssertionError
at org.junit.Assert.fail(Assert.java:87)
at org.junit.Assert.assertTrue(Assert.java:42)
at org.junit.Assert.assertTrue(Assert.java:53)
at com.cab.stepdefinitions.BookingStepsExcel.phone_error_displayed(BookingStepsExcel.java:148)
at ✽.Error message "Please enter valid phone number" should be shown under Phone field(file:///C:/Users/sriji/eclipse-workspace45/CallTaxiService/src/test/java/com/cab/features/booking.feature:49)
]]>
    </failure>
  </testcase> <!-- runScenario -->
  <testcase classname="com.cab.runners.TestRunner" name="runScenario" time="4.879"/>
</testsuite> <!-- com.cab.runners.TestRunner -->
